{
  "RSpec": {
    "coverage": {
      "/Users/dagmarasz/makersyelp/app/helpers/application_helper.rb": [
        1,
        null
      ],
      "/Users/dagmarasz/makersyelp/app/helpers/list_restaurants_helper.rb": [
        1,
        null
      ],
      "/Users/dagmarasz/makersyelp/app/helpers/restaurants_helper.rb": [
        1,
        null
      ],
      "/Users/dagmarasz/makersyelp/app/controllers/restaurants_controller.rb": [
        1,
        1,
        1,
        null,
        null,
        1,
        0,
        0,
        0,
        null,
        null,
        1,
        1,
        1,
        1,
        null,
        null,
        1,
        null,
        null,
        1,
        null,
        null,
        1,
        null,
        1,
        0,
        null,
        null
      ],
      "/Users/dagmarasz/makersyelp/app/controllers/application_controller.rb": [
        1,
        null,
        null,
        1,
        null
      ],
      "/Users/dagmarasz/makersyelp/app/models/review.rb": [
        1,
        1,
        1,
        null
      ],
      "/Users/dagmarasz/makersyelp/app/models/restaurant.rb": [
        1,
        1,
        1,
        1,
        null
      ],
      "/Users/dagmarasz/makersyelp/app/controllers/list_restaurants_controller.rb": [
        0,
        0
      ]
    },
    "timestamp": 1479224635
  },
  "Cucumber Features": {
    "coverage": {
      "/Users/dagmarasz/makersyelp/app/controllers/restaurants_controller.rb": [
        1,
        1,
        3,
        null,
        null,
        1,
        1,
        1,
        1,
        null,
        null,
        1,
        5,
        5,
        5,
        null,
        null,
        1,
        null,
        null,
        1,
        null,
        null,
        1,
        null,
        1,
        1,
        null,
        null
      ],
      "/Users/dagmarasz/makersyelp/app/controllers/application_controller.rb": [
        1,
        null,
        null,
        1,
        null
      ],
      "/Users/dagmarasz/makersyelp/app/helpers/application_helper.rb": [
        1,
        null
      ],
      "/Users/dagmarasz/makersyelp/app/helpers/list_restaurants_helper.rb": [
        1,
        null
      ],
      "/Users/dagmarasz/makersyelp/app/helpers/restaurants_helper.rb": [
        1,
        null
      ],
      "/Users/dagmarasz/makersyelp/app/models/restaurant.rb": [
        1,
        1,
        1,
        1,
        null
      ],
      "/Users/dagmarasz/makersyelp/app/controllers/list_restaurants_controller.rb": [
        0,
        0
      ],
      "/Users/dagmarasz/makersyelp/app/models/review.rb": [
        0,
        0,
        0,
        0
      ]
    },
    "timestamp": 1479224639
  }
}
